<-= 1 =->
ordno = 1011
dollars = 450.00
ordno = 1013
dollars = 880.00
ordno = 1015
dollars = 1104.00
ordno = 1016
dollars = 500.00
ordno = 1017
dollars = 540.00
ordno = 1018
dollars = 540.00
ordno = 1019
dollars = 180.00
ordno = 1020
dollars = 600.00
ordno = 1021
dollars = 460.00
ordno = 1022
dollars = 720.00
ordno = 1023
dollars = 450.00
ordno = 1024
dollars = 400.00
ordno = 1025
dollars = 720.00
ordno = 1026
dollars = 740.00
<-= 2 =->
name = Smith
city = New York
name = Smith
city = Dallas
<-= 3 =->
pid = p05
name = pencil
priceusd = 1.00
<-= 4 =->
name = Basics
city = Dallas
name = Allied
city = Dallas
<-= 5 =->
aid = a02
name = Jones
city = Newark
percent = 6.0
aid = a05
name = Otasi
city = Duluth
percent = 5.0
aid = a06
name = Smith
city = Dallas
percent = 5.0
aid = a08
name = Bond
city = London
percent = 7.0
<-= 6 =->
pid = p03
name = razor
city = Duluth
quantity = 150600
priceusd = 1.00
pid = p04
name = pen
city = Duluth
quantity = 125300
priceusd = 1.00
pid = p07
name = case
city = Newark
quantity = 100500
priceusd = 1.00
pid = p08
name = clip
city = Newark
quantity = 200600
priceusd = 1.25
<-= 7 =->
ordno = 1011
mon = jan
cid = c001
aid = a01
pid = p01
qty = 1000
dollars = 450.00
ordno = 1013
mon = jan
cid = c002
aid = a03
pid = p03
qty = 1000
dollars = 880.00
ordno = 1015
mon = jan
cid = c003
aid = a03
pid = p05
qty = 1200
dollars = 1104.00
ordno = 1016
mon = jan
cid = c006
aid = a01
pid = p01
qty = 1000
dollars = 500.00
ordno = 1022
mon = mar
cid = c001
aid = a05
pid = p06
qty = 400
dollars = 720.00
ordno = 1023
mon = mar
cid = c001
aid = a04
pid = p05
qty = 500
dollars = 450.00
ordno = 1024
mon = mar
cid = c006
aid = a06
pid = p01
qty = 800
dollars = 400.00
<-= 8 =->
ordno = 1019
mon = feb
cid = c001
aid = a02
pid = p02
qty = 400
dollars = 180.00
ordno = 1021
mon = feb
cid = c004
aid = a06
pid = p01
qty = 1000
dollars = 460.00
<-= 9 =->
<-= end =->
