<-= 1 =->
name = Tiptop
city = Duluth
name = Tiptop
city = Duluth
name = Basics
city = Dallas
name = Basics
city = Dallas
name = Basics
city = Dallas
name = Allied
city = Dallas
name = Allied
city = Dallas
name = Allied
city = Dallas
name = ACME
city = Duluth
name = ACME
city = Duluth
<-= 2 =->
name = folder
name = clip
<-= 3 =->
name = Basics
pid = p03
total = 1800
name = ACME
pid = p01
total = 1800
name = Allied
pid = p05
total = 1200
name = Tiptop
pid = p01
total = 1000
name = ACME
pid = p01
total = 1000
name = Tiptop
pid = p07
total = 800
name = Tiptop
pid = p03
total = 600
name = Tiptop
pid = p04
total = 600
name = ACME
pid = p07
total = 600
name = Tiptop
pid = p05
total = 500
name = Tiptop
pid = p02
total = 400
name = Tiptop
pid = p06
total = 400
<-= 4 =->
name = Basics
sum = 1800
name = Tiptop
sum = 4300
name = ACME
sum = 1000
name = ACME
sum = 2400
name = Allied
sum = 1200
<-= 5 =->
name = Tiptop
name = Basics
name = Allied
name = ACME
name = Tiptop
name = Tiptop
name = Tiptop
name = ACME
name = ACME
name = Tiptop
name = Tiptop
name = ACME
name = Tiptop
name = Basics
<-= 6 =->
ordno = 1026
mon = may
cid = c002
aid = a05
pid = p03
qty = 800
dollars = 740.00
truedollars = 704.0000000000000000000000
<-= 7 =->
None
<-= end =->
