<-= 1 =->
city = Tokyo
city = Duluth
<-= 2 =->
pid = p07
pid = p07
pid = p06
pid = p05
pid = p04
pid = p03
pid = p03
<-= 3 =->
cid = c002
name = Basics
cid = c003
name = Allied
cid = c004
name = ACME
cid = c005
name = Weyland-Yutani
<-= 4 =->
cid = c001
cid = c006
<-= 5 =->
pid = p07
pid = p07
pid = p06
pid = p05
pid = p05
pid = p04
pid = p03
pid = p03
pid = p03
pid = p02
pid = p01
pid = p01
pid = p01
pid = p01
<-= 6 =->
name = Tiptop
discount = 10.00
city = Duluth
name = ACME
discount = 0.00
city = Kyoto
<-= 7 =->
cid = c004
name = ACME
city = Duluth
discount = 8.00
<-= end =->
